<?xml version="1.0" encoding="UTF-8"?>
<testsuite name="UniqueEventsQueueTest" tests="1" skipped="0" failures="0" errors="0" timestamp="2023-01-17T14:55:18" hostname="VPETROV-NB" time="0.025">
  <properties/>
  <testcase name="testGetWaitsForElement()" classname="UniqueEventsQueueTest" time="0.025"/>
  <system-out><![CDATA[]]></system-out>
  <system-err><![CDATA[]]></system-err>
</testsuite>
